<?xml version="1.0" encoding="UTF-8"?>
<testng-results skipped="0" failed="0" total="2" passed="2">
  <reporter-output>
  </reporter-output>
  <suite name="Default suite" duration-ms="94546" started-at="2020-12-22T09:40:23Z" finished-at="2020-12-22T09:41:57Z">
    <groups>
    </groups>
    <test name="Default test" duration-ms="94546" started-at="2020-12-22T09:40:23Z" finished-at="2020-12-22T09:41:57Z">
      <class name="TestCase.AmazonTest">
        <test-method status="PASS" signature="browser()[pri:0, instance:TestCase.AmazonTest@6ca8564a]" name="browser" is-config="true" duration-ms="31592" started-at="2020-12-22T15:09:51Z" finished-at="2020-12-22T15:10:23Z">
          <reporter-output>
          </reporter-output>
        </test-method> <!-- browser -->
        <test-method status="PASS" signature="setData()[pri:0, instance:TestCase.AmazonTest@6ca8564a]" name="setData" is-config="true" duration-ms="0" started-at="2020-12-22T15:10:23Z" finished-at="2020-12-22T15:10:23Z">
          <reporter-output>
          </reporter-output>
        </test-method> <!-- setData -->
        <test-method status="PASS" signature="createLead(java.lang.String, java.lang.String, java.lang.String, java.lang.String, java.lang.String, java.lang.String, java.lang.String)[pri:0, instance:TestCase.AmazonTest@6ca8564a]" name="createLead" duration-ms="40008" started-at="2020-12-22T15:10:23Z" data-provider="Testcase" finished-at="2020-12-22T15:11:03Z">
          <params>
            <param index="0">
              <value>
                <![CDATA[Thamizh]]>
              </value>
            </param>
            <param index="1">
              <value>
                <![CDATA[selvan]]>
              </value>
            </param>
            <param index="2">
              <value>
                <![CDATA[8855858585]]>
              </value>
            </param>
            <param index="3">
              <value>
                <![CDATA[thamizhsvk30@gmail.com]]>
              </value>
            </param>
            <param index="4">
              <value>
                <![CDATA[22]]>
              </value>
            </param>
            <param index="5">
              <value>
                <![CDATA[null]]>
              </value>
            </param>
            <param index="6">
              <value>
                <![CDATA[null]]>
              </value>
            </param>
          </params>
          <reporter-output>
          </reporter-output>
        </test-method> <!-- createLead -->
        <test-method status="PASS" signature="createLead(java.lang.String, java.lang.String, java.lang.String, java.lang.String, java.lang.String, java.lang.String, java.lang.String)[pri:0, instance:TestCase.AmazonTest@6ca8564a]" name="createLead" duration-ms="53886" started-at="2020-12-22T15:11:03Z" data-provider="Testcase" finished-at="2020-12-22T15:11:57Z">
          <params>
            <param index="0">
              <value>
                <![CDATA[selvan]]>
              </value>
            </param>
            <param index="1">
              <value>
                <![CDATA[selvan]]>
              </value>
            </param>
            <param index="2">
              <value>
                <![CDATA[8855858585]]>
              </value>
            </param>
            <param index="3">
              <value>
                <![CDATA[thamizhsvk30@gmail.com]]>
              </value>
            </param>
            <param index="4">
              <value>
                <![CDATA[22]]>
              </value>
            </param>
            <param index="5">
              <value>
                <![CDATA[null]]>
              </value>
            </param>
            <param index="6">
              <value>
                <![CDATA[null]]>
              </value>
            </param>
          </params>
          <reporter-output>
          </reporter-output>
        </test-method> <!-- createLead -->
      </class> <!-- TestCase.AmazonTest -->
    </test> <!-- Default test -->
  </suite> <!-- Default suite -->
</testng-results>
